<?xml version="1.0" encoding="UTF-8"?>
<!-- Generated by org.testng.reporters.JUnitReportReporter -->
<testsuite name="testCase.UsersTestCase" tests="2" time="13.468" ignored="0" failures="0" timestamp="14 Mar 2017 01:46:26 GMT" skipped="0" hostname="hp" errors="0">
  <testcase name="getUserPage" time="3.524" classname="testCase.UsersTestCase"/>
  <testcase name="loginintoApplication" time="9.944" classname="testCase.UsersTestCase"/>
</testsuite> <!-- testCase.UsersTestCase -->
