<?xml version="1.0" encoding="UTF-8"?>
<!-- Generated by org.testng.reporters.JUnitReportReporter -->
<testsuite hostname="hp" name="testCase.LoginTestCase" tests="1" failures="0" timestamp="13 Mar 2017 03:38:42 GMT" time="8.826" errors="0">
  <testcase name="loginintoApplication" time="8.826" classname="testCase.LoginTestCase"/>
</testsuite> <!-- testCase.LoginTestCase -->
